[06:06:37] [ServerMain/INFO]: [bootstrap] Running Java 21 (OpenJDK 64-Bit Server VM 21.0.6+7-LTS; Microsoft Microsoft-10800198) on Linux 6.8.0-1021-azure (amd64)
[06:06:37] [ServerMain/INFO]: [bootstrap] Loading Purpur 1.21.1-2329-ver/1.21.1@803bf62 (2024-10-31T20:25:04Z) for Minecraft 1.21.1
[06:06:37] [ServerMain/INFO]: [PluginInitializerManager] Initializing plugins...
[06:06:37] [Paper Plugin Remapper Thread - 2/INFO]: [PluginRemapper] Remapping plugin 'plugins/GSit-2.2.1.jar'...
[06:06:37] [Paper Plugin Remapper Thread - 3/INFO]: [PluginRemapper] Remapping plugin 'plugins/AutoTreeChop-1.6.0.jar'...
[06:06:38] [Paper Plugin Remapper Thread - 0/INFO]: [PluginRemapper] Remapping plugin 'plugins/SkinsRestorer.jar'...
[06:06:38] [Paper Plugin Remapper Thread - 1/INFO]: [PluginRemapper] Remapping plugin 'plugins/veinminer-paper-2.3.2.jar'...
[06:06:39] [Paper Plugin Remapper Thread - 2/INFO]: [PluginRemapper] Done remapping plugin 'plugins/GSit-2.2.1.jar' in 1540ms.
[06:06:39] [Paper Plugin Remapper Thread - 2/INFO]: [PluginRemapper] Remapping plugin 'plugins/Spawn-2.4.1.jar'...
[06:06:39] [Paper Plugin Remapper Thread - 2/INFO]: [PluginRemapper] Done remapping plugin 'plugins/Spawn-2.4.1.jar' in 183ms.
[06:06:39] [Paper Plugin Remapper Thread - 1/INFO]: [PluginRemapper] Done remapping plugin 'plugins/veinminer-paper-2.3.2.jar' in 1553ms.
[06:06:39] [Paper Plugin Remapper Thread - 3/INFO]: [PluginRemapper] Done remapping plugin 'plugins/AutoTreeChop-1.6.0.jar' in 1962ms.
[06:06:40] [Paper Plugin Remapper Thread - 0/INFO]: [PluginRemapper] Done remapping plugin 'plugins/SkinsRestorer.jar' in 2535ms.
[06:06:40] [ServerMain/INFO]: [PluginInitializerManager] Initialized 6 plugins
[06:06:40] [ServerMain/INFO]: [PluginInitializerManager] Bukkit plugins (6):
 - AutoTreeChop (1.6.0), Chunky (1.4.28), GSit (2.2.1), SkinsRestorer (15.6.1), Spawn (2.4.1), Veinminer (2.3.2)
[06:06:45] [ServerMain/INFO]: Environment: Environment[sessionHost=https://sessionserver.mojang.com, servicesHost=https://api.minecraftservices.com, name=PROD]
[06:06:45] [ServerMain/INFO]: Found new data pack file/bukkit, loading it automatically
[06:06:45] [ServerMain/INFO]: Found new data pack paper, loading it automatically
[06:06:45] [ServerMain/INFO]: No existing world data, creating new world
[06:06:46] [ServerMain/INFO]: Loaded 1290 recipes
[06:06:46] [ServerMain/INFO]: Loaded 1399 advancements
[06:06:46] [Server thread/INFO]: Starting minecraft server version 1.21.1
[06:06:46] [Server thread/INFO]: Loading properties
[06:06:47] [Server thread/INFO]: This server is running Purpur version 1.21.1-2329-ver/1.21.1@803bf62 (2024-10-31T20:25:04Z) (Implementing API version 1.21.1-R0.1-SNAPSHOT)
[06:06:47] [Server thread/INFO]: [spark] This server bundles the spark profiler. For more information please visit https://docs.papermc.io/paper/profiling
[06:06:47] [Server thread/INFO]: Using 4 threads for Netty based IO
[06:06:47] [Server thread/INFO]: Server Ping Player Sample Count: 12
[06:06:48] [Server thread/INFO]: [ChunkTaskScheduler] Chunk system is using 1 I/O threads, 1 worker threads, and population gen parallelism of 1 threads
[06:06:48] [Server thread/WARN]: [Pufferfish] SIMD operations are available for your server, but are not configured!
[06:06:48] [Server thread/WARN]: [Pufferfish] To enable additional optimizations, add "--add-modules=jdk.incubator.vector" to your startup flags, BEFORE the "-jar".
[06:06:48] [Server thread/WARN]: [Pufferfish] If you have already added this flag, then SIMD operations are not supported on your JVM or CPU.
[06:06:48] [Server thread/WARN]: [Pufferfish] Debug: Java: 21.0.6, test run: true
[06:06:48] [Server thread/INFO]: Default game type: SURVIVAL
[06:06:48] [Server thread/INFO]: Generating keypair
[06:06:48] [Server thread/INFO]: Starting Minecraft server on *:25565
[06:06:48] [Server thread/INFO]: Using epoll channel type
[06:06:48] [Server thread/INFO]: Paper: Using libdeflate (Linux x86_64) compression from Velocity.
[06:06:48] [Server thread/INFO]: Paper: Using OpenSSL 1.1.x (Linux x86_64) cipher from Velocity.
[06:06:49] [Server thread/INFO]: [SpigotLibraryLoader] [Veinminer] Loading 4 libraries... please wait
[06:06:49] [Server thread/INFO]: [SpigotLibraryLoader] Downloading https://repo.maven.apache.org/maven2/org/jetbrains/kotlin/kotlin-stdlib/2.1.0/kotlin-stdlib-2.1.0.pom
[06:06:49] [Server thread/INFO]: [SpigotLibraryLoader] Downloading https://repo.maven.apache.org/maven2/org/jetbrains/annotations/13.0/annotations-13.0.pom
[06:06:49] [Server thread/INFO]: [SpigotLibraryLoader] Downloading https://repo.maven.apache.org/maven2/org/jetbrains/kotlinx/kotlinx-serialization-json/1.8.0/kotlinx-serialization-json-1.8.0.pom
[06:06:49] [Server thread/INFO]: [SpigotLibraryLoader] Downloading https://repo.maven.apache.org/maven2/org/jetbrains/kotlinx/kotlinx-serialization-bom/1.8.0/kotlinx-serialization-bom-1.8.0.pom
[06:06:49] [Server thread/INFO]: [SpigotLibraryLoader] Downloading https://repo.maven.apache.org/maven2/org/jetbrains/kotlinx/kotlinx-serialization-json-jvm/1.8.0/kotlinx-serialization-json-jvm-1.8.0.pom
[06:06:49] [Server thread/INFO]: [SpigotLibraryLoader] Downloading https://repo.maven.apache.org/maven2/org/jetbrains/kotlinx/kotlinx-serialization-core-jvm/1.8.0/kotlinx-serialization-core-jvm-1.8.0.pom
[06:06:49] [Server thread/INFO]: [SpigotLibraryLoader] Downloading https://repo.maven.apache.org/maven2/org/jetbrains/kotlinx/kotlinx-coroutines-core/1.10.1/kotlinx-coroutines-core-1.10.1.pom
[06:06:49] [Server thread/INFO]: [SpigotLibraryLoader] Downloading https://repo.maven.apache.org/maven2/org/jetbrains/kotlinx/kotlinx-coroutines-bom/1.10.1/kotlinx-coroutines-bom-1.10.1.pom
[06:06:49] [Server thread/INFO]: [SpigotLibraryLoader] Downloading https://repo.maven.apache.org/maven2/org/jetbrains/kotlinx/kotlinx-coroutines-core-jvm/1.10.1/kotlinx-coroutines-core-jvm-1.10.1.pom
[06:06:49] [Server thread/INFO]: [SpigotLibraryLoader] Downloading https://repo.maven.apache.org/maven2/org/jetbrains/annotations/23.0.0/annotations-23.0.0.pom
[06:06:49] [Server thread/INFO]: [SpigotLibraryLoader] Downloading https://repo.maven.apache.org/maven2/de/miraculixx/kpaper/1.2.1/kpaper-1.2.1.pom
[06:06:49] [Server thread/INFO]: [SpigotLibraryLoader] Downloading https://repo.maven.apache.org/maven2/org/jetbrains/kotlinx/kotlinx-serialization-json-jvm/1.5.1/kotlinx-serialization-json-jvm-1.5.1.pom
[06:06:49] [Server thread/INFO]: [SpigotLibraryLoader] Downloading https://repo.maven.apache.org/maven2/org/jetbrains/kotlinx/kotlinx-serialization-bom/1.5.1/kotlinx-serialization-bom-1.5.1.pom
[06:06:49] [Server thread/INFO]: [SpigotLibraryLoader] Downloading https://repo.maven.apache.org/maven2/org/jetbrains/kotlin/kotlin-stdlib/1.8.21/kotlin-stdlib-1.8.21.pom
[06:06:49] [Server thread/INFO]: [SpigotLibraryLoader] Downloading https://repo.maven.apache.org/maven2/org/jetbrains/kotlin/kotlin-stdlib-common/1.8.21/kotlin-stdlib-common-1.8.21.pom
[06:06:49] [Server thread/INFO]: [SpigotLibraryLoader] Downloading https://repo.maven.apache.org/maven2/org/jetbrains/kotlinx/kotlinx-serialization-core-jvm/1.5.1/kotlinx-serialization-core-jvm-1.5.1.pom
[06:06:49] [Server thread/INFO]: [SpigotLibraryLoader] Downloading https://repo.maven.apache.org/maven2/org/jetbrains/kotlinx/kotlinx-coroutines-core-jvm/1.7.1/kotlinx-coroutines-core-jvm-1.7.1.pom
[06:06:49] [Server thread/INFO]: [SpigotLibraryLoader] Downloading https://repo.maven.apache.org/maven2/org/jetbrains/kotlinx/kotlinx-coroutines-bom/1.7.1/kotlinx-coroutines-bom-1.7.1.pom
[06:06:49] [Server thread/INFO]: [SpigotLibraryLoader] Downloading https://repo.maven.apache.org/maven2/org/jetbrains/kotlin/kotlin-stdlib-common/1.8.20/kotlin-stdlib-common-1.8.20.pom
[06:06:49] [Server thread/INFO]: [SpigotLibraryLoader] Downloading https://repo.maven.apache.org/maven2/org/jetbrains/kotlin/kotlin-stdlib-jdk8/1.8.20/kotlin-stdlib-jdk8-1.8.20.pom
[06:06:49] [Server thread/INFO]: [SpigotLibraryLoader] Downloading https://repo.maven.apache.org/maven2/org/jetbrains/kotlin/kotlin-stdlib/1.8.20/kotlin-stdlib-1.8.20.pom
[06:06:49] [Server thread/INFO]: [SpigotLibraryLoader] Downloading https://repo.maven.apache.org/maven2/org/jetbrains/kotlin/kotlin-stdlib-jdk7/1.8.20/kotlin-stdlib-jdk7-1.8.20.pom
[06:06:49] [Server thread/INFO]: [SpigotLibraryLoader] Downloading https://repo.maven.apache.org/maven2/org/jetbrains/kotlinx/kotlinx-coroutines-jdk8/1.7.1/kotlinx-coroutines-jdk8-1.7.1.pom
[06:06:49] [Server thread/INFO]: [SpigotLibraryLoader] Downloading https://repo.maven.apache.org/maven2/org/jetbrains/kotlin/kotlin-stdlib-jdk8/1.8.22/kotlin-stdlib-jdk8-1.8.22.pom
[06:06:49] [Server thread/INFO]: [SpigotLibraryLoader] Downloading https://repo.maven.apache.org/maven2/org/jetbrains/kotlin/kotlin-stdlib/1.8.22/kotlin-stdlib-1.8.22.pom
[06:06:49] [Server thread/INFO]: [SpigotLibraryLoader] Downloading https://repo.maven.apache.org/maven2/org/jetbrains/kotlin/kotlin-stdlib-common/1.8.22/kotlin-stdlib-common-1.8.22.pom
[06:06:49] [Server thread/INFO]: [SpigotLibraryLoader] Downloading https://repo.maven.apache.org/maven2/org/jetbrains/kotlin/kotlin-stdlib-jdk7/1.8.22/kotlin-stdlib-jdk7-1.8.22.pom
[06:06:49] [Server thread/INFO]: [SpigotLibraryLoader] Downloading https://repo.maven.apache.org/maven2/org/jetbrains/kotlin/kotlin-stdlib/2.1.0/kotlin-stdlib-2.1.0.jar
[06:06:49] [BasicRepositoryConnector-repo.maven.apache.org-0-0/INFO]: [SpigotLibraryLoader] Downloading https://repo.maven.apache.org/maven2/org/jetbrains/annotations/13.0/annotations-13.0.jar
[06:06:49] [BasicRepositoryConnector-repo.maven.apache.org-0-3/INFO]: [SpigotLibraryLoader] Downloading https://repo.maven.apache.org/maven2/org/jetbrains/kotlinx/kotlinx-serialization-core-jvm/1.8.0/kotlinx-serialization-core-jvm-1.8.0.jar
[06:06:49] [BasicRepositoryConnector-repo.maven.apache.org-0-4/INFO]: [SpigotLibraryLoader] Downloading https://repo.maven.apache.org/maven2/org/jetbrains/kotlinx/kotlinx-coroutines-core/1.10.1/kotlinx-coroutines-core-1.10.1.jar
[06:06:49] [BasicRepositoryConnector-repo.maven.apache.org-0-1/INFO]: [SpigotLibraryLoader] Downloading https://repo.maven.apache.org/maven2/org/jetbrains/kotlinx/kotlinx-serialization-json/1.8.0/kotlinx-serialization-json-1.8.0.jar
[06:06:49] [BasicRepositoryConnector-repo.maven.apache.org-0-0/INFO]: [SpigotLibraryLoader] Downloading https://repo.maven.apache.org/maven2/org/jetbrains/kotlinx/kotlinx-coroutines-core-jvm/1.10.1/kotlinx-coroutines-core-jvm-1.10.1.jar
[06:06:49] [BasicRepositoryConnector-repo.maven.apache.org-0-2/INFO]: [SpigotLibraryLoader] Downloading https://repo.maven.apache.org/maven2/org/jetbrains/kotlinx/kotlinx-serialization-json-jvm/1.8.0/kotlinx-serialization-json-jvm-1.8.0.jar
[06:06:49] [BasicRepositoryConnector-repo.maven.apache.org-0-1/INFO]: [SpigotLibraryLoader] Downloading https://repo.maven.apache.org/maven2/de/miraculixx/kpaper/1.2.1/kpaper-1.2.1.jar
[06:06:49] [BasicRepositoryConnector-repo.maven.apache.org-0-4/INFO]: [SpigotLibraryLoader] Downloading https://repo.maven.apache.org/maven2/org/jetbrains/kotlinx/kotlinx-coroutines-jdk8/1.7.1/kotlinx-coroutines-jdk8-1.7.1.jar
[06:06:49] [BasicRepositoryConnector-repo.maven.apache.org-0-4/INFO]: [SpigotLibraryLoader] Downloading https://repo.maven.apache.org/maven2/org/jetbrains/kotlin/kotlin-stdlib-jdk8/1.8.22/kotlin-stdlib-jdk8-1.8.22.jar
[06:06:49] [BasicRepositoryConnector-repo.maven.apache.org-0-4/INFO]: [SpigotLibraryLoader] Downloading https://repo.maven.apache.org/maven2/org/jetbrains/kotlin/kotlin-stdlib-jdk7/1.8.22/kotlin-stdlib-jdk7-1.8.22.jar
[06:06:49] [Server thread/INFO]: [SpigotLibraryLoader] [Veinminer] Loaded library /workspaces/mc-server/libraries/org/jetbrains/kotlin/kotlin-stdlib/2.1.0/kotlin-stdlib-2.1.0.jar
[06:06:49] [Server thread/INFO]: [SpigotLibraryLoader] [Veinminer] Loaded library /workspaces/mc-server/libraries/org/jetbrains/annotations/13.0/annotations-13.0.jar
[06:06:49] [Server thread/INFO]: [SpigotLibraryLoader] [Veinminer] Loaded library /workspaces/mc-server/libraries/org/jetbrains/kotlinx/kotlinx-serialization-json/1.8.0/kotlinx-serialization-json-1.8.0.jar
[06:06:49] [Server thread/INFO]: [SpigotLibraryLoader] [Veinminer] Loaded library /workspaces/mc-server/libraries/org/jetbrains/kotlinx/kotlinx-serialization-json-jvm/1.8.0/kotlinx-serialization-json-jvm-1.8.0.jar
[06:06:49] [Server thread/INFO]: [SpigotLibraryLoader] [Veinminer] Loaded library /workspaces/mc-server/libraries/org/jetbrains/kotlinx/kotlinx-serialization-core-jvm/1.8.0/kotlinx-serialization-core-jvm-1.8.0.jar
[06:06:49] [Server thread/INFO]: [SpigotLibraryLoader] [Veinminer] Loaded library /workspaces/mc-server/libraries/org/jetbrains/kotlinx/kotlinx-coroutines-core/1.10.1/kotlinx-coroutines-core-1.10.1.jar
[06:06:49] [Server thread/INFO]: [SpigotLibraryLoader] [Veinminer] Loaded library /workspaces/mc-server/libraries/org/jetbrains/kotlinx/kotlinx-coroutines-core-jvm/1.10.1/kotlinx-coroutines-core-jvm-1.10.1.jar
[06:06:49] [Server thread/INFO]: [SpigotLibraryLoader] [Veinminer] Loaded library /workspaces/mc-server/libraries/de/miraculixx/kpaper/1.2.1/kpaper-1.2.1.jar
[06:06:49] [Server thread/INFO]: [SpigotLibraryLoader] [Veinminer] Loaded library /workspaces/mc-server/libraries/org/jetbrains/kotlinx/kotlinx-coroutines-jdk8/1.7.1/kotlinx-coroutines-jdk8-1.7.1.jar
[06:06:49] [Server thread/INFO]: [SpigotLibraryLoader] [Veinminer] Loaded library /workspaces/mc-server/libraries/org/jetbrains/kotlin/kotlin-stdlib-jdk8/1.8.22/kotlin-stdlib-jdk8-1.8.22.jar
[06:06:49] [Server thread/INFO]: [SpigotLibraryLoader] [Veinminer] Loaded library /workspaces/mc-server/libraries/org/jetbrains/kotlin/kotlin-stdlib-jdk7/1.8.22/kotlin-stdlib-jdk7-1.8.22.jar
[06:06:50] [Server thread/INFO]: [Spawn] Loading server plugin Spawn v2.4.1
[06:06:50] [Server thread/INFO]: [Veinminer] Loading server plugin Veinminer v2.3.2
[06:06:50] [Server thread/INFO]: [SkinsRestorer] Loading server plugin SkinsRestorer v15.6.1
[06:06:50] [Server thread/INFO]: [Chunky] Loading server plugin Chunky v1.4.28
[06:06:50] [Server thread/INFO]: [AutoTreeChop] Loading server plugin AutoTreeChop v1.6.0
[06:06:50] [Server thread/INFO]: [GSit] Loading server plugin GSit v2.2.1
[06:06:50] [Server thread/INFO]: [Veinminer] Enabling Veinminer v2.3.2
[06:06:51] [Server thread/INFO]: [SkinsRestorer] Enabling SkinsRestorer v15.6.1
[06:06:51] [Server thread/WARN]: [SkinsRestorer] You must agree to the rules at 'commands.perSkinPermissionsConsent' in the config to use per skin permissions.
[06:06:51] [Server thread/INFO]: [SkinsRestorer] Running on Minecraft 1.21.1.
[06:06:51] [DefaultDispatcher-worker-1/INFO]: [VeinminerUpdater] veinminer is outdated. Installed: 2.3.2 -> Latest: 2.4.1
[06:06:52] [Server thread/INFO]: [SkinsRestorer] Using paper join listener!
[06:06:52] [Server thread/WARN]: **** SERVER IS RUNNING IN OFFLINE/INSECURE MODE!
[06:06:52] [Server thread/WARN]: The server will make no attempt to authenticate usernames. Beware.
[06:06:52] [Server thread/WARN]: While this makes the game possible to play without internet access, it also opens up the ability for hackers to connect with any username they choose.
[06:06:52] [Server thread/WARN]: To change this, set "online-mode" to "true" in the server.properties file.
[06:06:52] [Server thread/INFO]: Preparing level "world"
[06:06:52] [Folia Async Scheduler Thread #1/INFO]: [SkinsRestorer] ----------------------------------------------
[06:06:52] [Folia Async Scheduler Thread #1/INFO]: [SkinsRestorer]     +==================+
[06:06:52] [Folia Async Scheduler Thread #1/INFO]: [SkinsRestorer]     |   SkinsRestorer  |
[06:06:52] [Folia Async Scheduler Thread #1/INFO]: [SkinsRestorer]     |------------------|
[06:06:52] [Folia Async Scheduler Thread #1/INFO]: [SkinsRestorer]     |  Standalone Mode |
[06:06:52] [Folia Async Scheduler Thread #1/INFO]: [SkinsRestorer]     +==================+
[06:06:52] [Folia Async Scheduler Thread #1/INFO]: [SkinsRestorer] ----------------------------------------------
[06:06:52] [Folia Async Scheduler Thread #1/INFO]: [SkinsRestorer]     Version: 15.6.1
[06:06:52] [Folia Async Scheduler Thread #1/INFO]: [SkinsRestorer]     Commit: 8687003
[06:06:52] [Folia Async Scheduler Thread #1/INFO]: [SkinsRestorer]     This is the latest version!
[06:06:52] [Folia Async Scheduler Thread #1/INFO]: [SkinsRestorer] ----------------------------------------------
[06:06:52] [Folia Async Scheduler Thread #1/INFO]: [SkinsRestorer] Do you have issues? Read our troubleshooting guide: https://skinsrestorer.net/docs/troubleshooting
[06:06:52] [Folia Async Scheduler Thread #1/INFO]: [SkinsRestorer] Want to support SkinsRestorer? Consider donating: https://skinsrestorer.net/donate
[06:07:06] [Server thread/INFO]: Preparing start region for dimension minecraft:overworld
[06:07:12] [Server thread/INFO]: Time elapsed: 6561 ms
[06:07:12] [Server thread/INFO]: Preparing start region for dimension minecraft:the_nether
[06:07:14] [Server thread/INFO]: Time elapsed: 2172 ms
[06:07:14] [Server thread/INFO]: Preparing start region for dimension minecraft:the_end
[06:07:15] [Server thread/INFO]: Time elapsed: 676 ms
[06:07:15] [Server thread/INFO]: [Spawn] Enabling Spawn v2.4.1
[06:07:15] [Server thread/INFO]: [Chunky] Enabling Chunky v1.4.28
[06:07:15] [Server thread/INFO]: [AutoTreeChop] Enabling AutoTreeChop v1.6.0
[06:07:15] [Server thread/WARN]: [AutoTreeChop] PlaceholderAPI not found. Placeholder expansion for AutoTreeChop will not work.
[06:07:15] [Server thread/INFO]: [GSit] Enabling GSit v2.2.1
[06:07:16] [Server thread/INFO]: [GSit] The plugin was successfully enabled.
[06:07:16] [Server thread/INFO]: [spark] Starting background profiler...
[06:07:16] [Server thread/INFO]: Done preparing level "world" (23.933s)
[06:07:16] [Server thread/INFO]: Running delayed init tasks
[06:07:16] [Server thread/INFO]: Done (39.964s)! For help, type "help"
[06:07:16] [Server thread/INFO]: *************************************************************************************
[06:07:16] [Server thread/INFO]: This is the first time you're starting this server.
[06:07:16] [Server thread/INFO]: It's recommended you read our 'Getting Started' documentation for guidance.
[06:07:16] [Server thread/INFO]: View this and more helpful information here: https://docs.papermc.io/paper/next-steps
[06:07:16] [Server thread/INFO]: *************************************************************************************
